\BOOKMARK [0][]{chapter*.1}{Vorwort}{}% 1
\BOOKMARK [0][]{chapter.1}{1 Der K\366rper \040C der komplexen Zahlen}{}% 2
\BOOKMARK [0][]{chapter.2}{2 Topologische Grundbegriffe}{}% 3
\BOOKMARK [0][]{chapter.3}{3 Konvergente Folgen komplexer Zahlen}{}% 4
\BOOKMARK [0][]{chapter.4}{4 Konvergente und absolut konvergente Reihen}{}% 5
\BOOKMARK [0][]{chapter.5}{5 Stetige Funktionen}{}% 6
\BOOKMARK [0][]{chapter.6}{6 Zusammenh\344ngende R\344ume, Gebiete in \040C}{}% 7
\BOOKMARK [0][]{chapter.7}{7 Komplexe Differentialrechnung}{}% 8
\BOOKMARK [0][]{chapter.8}{8 Holomorphe Funktionen}{}% 9
\BOOKMARK [0][]{chapter.9}{9 Konvergenzbegriffe der Funktionentheorie}{}% 10
\BOOKMARK [1][]{section.9.1}{9.1 Gleichm\344\337ige, lokal-gleichm\344\337ige und kompakte Konvergenz}{chapter.9}% 11
\BOOKMARK [0][]{chapter.10}{10 Potenzreihen}{}% 12
\BOOKMARK [1][]{section.10.1}{10.1 Konvergenzkriterien}{chapter.10}% 13
\BOOKMARK [1][]{section.10.2}{10.2 Beispiele konvergenter Potenzreihen}{chapter.10}% 14
\BOOKMARK [1][]{section.10.3}{10.3 Holomorphie von Potenzreihen}{chapter.10}% 15
\BOOKMARK [2][]{subsection.10.3.1}{10.3.1 Beispiele holomorpher Funktionen}{section.10.3}% 16
\BOOKMARK [0][]{chapter.11}{11 Elementar-transzendente Funktionen}{}% 17
\BOOKMARK [1][]{section.11.1}{11.1 Exponentialfunktion und trigonometrische Funktionen}{chapter.11}% 18
\BOOKMARK [1][]{section.11.2}{11.2 Polarkoordinaten und Einheitswurzeln}{chapter.11}% 19
\BOOKMARK [1][]{section.11.3}{11.3 Logarithmusfunktion}{chapter.11}% 20
\BOOKMARK [0][]{chapter.12}{12 Komplexe Integralrechnung}{}% 21
\BOOKMARK [1][]{section.12.1}{12.1 Wegintegrale in \040C}{chapter.12}% 22
\BOOKMARK [1][]{section.12.2}{12.2 Eigenschaften komplexer Wegintegrale}{chapter.12}% 23
\BOOKMARK [1][]{section.12.3}{12.3 Wegunabh\344ngigkeit von Integralen, Stammfunktionen}{chapter.12}% 24
\BOOKMARK [0][]{chapter.13}{13 Integralsatz, Integralformel und Potenzreihenentwicklung}{}% 25
\BOOKMARK [1][]{section.13.1}{13.1 Cauchyscher Integralsatz f\374r Sterngebiete}{chapter.13}% 26
\BOOKMARK [1][]{section.13.2}{13.2 Cauchysche Integralformel f\374r Kreisscheiben}{chapter.13}% 27
\BOOKMARK [1][]{section.13.3}{13.3 Entwicklung holomorpher Funktionen in Potenzreihen}{chapter.13}% 28
\BOOKMARK [0][]{chapter.14}{14 Fundamentals\344tze \374ber holomorphe Funktionen}{}% 29
\BOOKMARK [1][]{section.14.1}{14.1 Identit\344tssatz}{chapter.14}% 30
\BOOKMARK [1][]{section.14.2}{14.2 Existenz singul\344rer Punkte}{chapter.14}% 31
\BOOKMARK [1][]{section.14.3}{14.3 Konvergenzs\344tze von Weierstra\337}{chapter.14}% 32
\BOOKMARK [1][]{section.14.4}{14.4 Offenheitssatz und Maximumprinzip}{chapter.14}% 33
\BOOKMARK [1][]{section.14.5}{14.5 Allgemeine Version von Cauchys Satz}{chapter.14}% 34
\BOOKMARK [0][]{chapter.15}{15 Isolierte Singularit\344ten}{}% 35
\BOOKMARK [1][]{section.15.1}{15.1 Hebbare Singularit\344ten, Pole}{chapter.15}% 36
\BOOKMARK [1][]{section.15.2}{15.2 Entwicklung von Funktionen um Polstellen}{chapter.15}% 37
\BOOKMARK [1][]{section.15.3}{15.3 Wesentliche Singularit\344ten, Satz von Casorati-Weierstrass}{chapter.15}% 38
\BOOKMARK [0][]{chapter.16}{16 Laurentreihen und Fourierreihen}{}% 39
\BOOKMARK [1][]{section.16.1}{16.1 Laurentdarstellung in Kreisringen}{chapter.16}% 40
